.:
big-int
common
config.inc
f.out
Makefile
Makefile~
solver-src
util

./big-int:
allocainc.h
big-int.a
bigint.cc
bigint.d
bigint-func.cc
bigint-func.d
bigint-func.o
bigint.hh
bigint.o
bigint-test.cc
bigint-test.d
bigint-test.o
makefile
makefile~
test-bigint

./solver-src:
flattening
Makefile
Makefile~
prop
sat
solvers.a

./solver-src/flattening:
bv_utils.cpp
bv_utils.cpp~
bv_utils.d
bv_utils.h
bv_utils.h~
bv_utils.o

./solver-src/prop:
literal.h
prop_assignment.cpp
prop_assignment.d
prop_assignment.h
prop_assignment.o
prop.cpp
prop.d
prop.h
prop.o

./solver-src/sat:
cnf.cpp
cnf.cpp~
cnf.d
cnf.h
cnf.h~
cnf.o
satcheck_minisat2.cpp
satcheck_minisat2.d
satcheck_minisat2.h
satcheck_minisat2.o

./util:
arith_tools.cpp
arith_tools.cpp~
arith_tools.d
arith_tools.h
arith_tools.h~
arith_tools.o
i2string.cpp
i2string.d
i2string.h
i2string.o
Makefile
Makefile~
mp_arith.cpp
mp_arith.d
mp_arith.h
mp_arith.o
threeval.cpp
threeval.d
threeval.h
threeval.o
